[2025-07-01 19:09:27] SUCCESS: {'id': 'aXbYQMgWgK9xup7e5WkG6u', 'submission': {'Name': 'John Smith', 'Age': 28, 'meta': {'instanceID': 'uuid:5f64d596-45b1-4df8-b6b4-a3081d4de329'}}} => 201
[2025-07-01 19:09:28] SUCCESS: {'id': 'aXbYQMgWgK9xup7e5WkG6u', 'submission': {'Name': 'Emily Johnson', 'Age': 34, 'meta': {'instanceID': 'uuid:64e49fba-4b7c-4270-923f-fbcc657ecb3a'}}} => 201
[2025-07-01 19:09:29] SUCCESS: {'id': 'aXbYQMgWgK9xup7e5WkG6u', 'submission': {'Name': 'Michael Brown', 'Age': 45, 'meta': {'instanceID': 'uuid:568fe11c-dd85-4845-8ac4-0189504d3f67'}}} => 201
[2025-07-01 19:09:30] SUCCESS: {'id': 'aXbYQMgWgK9xup7e5WkG6u', 'submission': {'Name': 'Sarah Davis', 'Age': 29, 'meta': {'instanceID': 'uuid:cb425a83-f56f-435a-a6df-68ff5f895cae'}}} => 201
[2025-07-01 19:09:30] SUCCESS: {'id': 'aXbYQMgWgK9xup7e5WkG6u', 'submission': {'Name': 'David Wilson', 'Age': 38, 'meta': {'instanceID': 'uuid:e0a1bd17-92c7-401b-a009-1846b72ccc09'}}} => 201
[2025-07-01 19:16:15] SUCCESS: {'id': 'aXbYQMgWgK9xup7e5WkG6u', 'submission': {'Name': 'John Smith', 'Age': 28, 'meta': {'instanceID': 'uuid:0f835d99-509c-41da-a48e-5ea8f912d7b7'}}} => 201
[2025-07-01 19:16:17] SUCCESS: {'id': 'aXbYQMgWgK9xup7e5WkG6u', 'submission': {'Name': 'Emily Johnson', 'Age': 34, 'meta': {'instanceID': 'uuid:373a4595-19ec-4b9b-9b4f-337882b1f802'}}} => 201
[2025-07-01 19:16:18] SUCCESS: {'id': 'aXbYQMgWgK9xup7e5WkG6u', 'submission': {'Name': 'Michael Brown', 'Age': 45, 'meta': {'instanceID': 'uuid:1011b584-3fba-41d0-b4e4-8d62b1e55235'}}} => 201
[2025-07-01 19:16:19] SUCCESS: {'id': 'aXbYQMgWgK9xup7e5WkG6u', 'submission': {'Name': 'Sarah Davis', 'Age': 29, 'meta': {'instanceID': 'uuid:bdc59be2-eb11-4312-a6ff-6395a803f892'}}} => 201
[2025-07-01 19:16:19] SUCCESS: {'id': 'aXbYQMgWgK9xup7e5WkG6u', 'submission': {'Name': 'David Wilson', 'Age': 38, 'meta': {'instanceID': 'uuid:cbd8ac9c-9fd4-4bd6-8950-5ff25671a8b6'}}} => 201
[2025-07-01 19:17:12] SUCCESS: {'id': 'aXbYQMgWgK9xup7e5WkG6u', 'submission': {'Name': 'John Smith', 'Age': 28, 'meta': {'instanceID': 'uuid:9d1d8a6f-c1ba-41be-a3a2-cb0d7b9b8064'}}} => 201
[2025-07-01 19:17:13] SUCCESS: {'id': 'aXbYQMgWgK9xup7e5WkG6u', 'submission': {'Name': 'Emily Johnson', 'Age': 34, 'meta': {'instanceID': 'uuid:8c04f95b-0af5-49d9-9c81-fb691f8cd4a8'}}} => 201
[2025-07-01 19:17:14] SUCCESS: {'id': 'aXbYQMgWgK9xup7e5WkG6u', 'submission': {'Name': 'Michael Brown', 'Age': 45, 'meta': {'instanceID': 'uuid:e439e944-b4d2-433a-a21b-3ac3739ce78b'}}} => 201
[2025-07-01 19:17:14] SUCCESS: {'id': 'aXbYQMgWgK9xup7e5WkG6u', 'submission': {'Name': 'Sarah Davis', 'Age': 29, 'meta': {'instanceID': 'uuid:2c75b7a8-cc94-4c71-a81a-7187b059f2f3'}}} => 201
[2025-07-01 19:17:15] SUCCESS: {'id': 'aXbYQMgWgK9xup7e5WkG6u', 'submission': {'Name': 'David Wilson', 'Age': 38, 'meta': {'instanceID': 'uuid:1e5895cd-dbc7-418b-ad68-8a95e2fbc573'}}} => 201
[2025-07-01 19:22:21] SUCCESS: {'id': 'aXbYQMgWgK9xup7e5WkG6u', 'submission': {'Name': 'John Smith', 'Age': 28, 'meta': {'instanceID': 'uuid:8f53d566-f3c8-45b5-838c-91c0e1ef0e8f'}}} => 201
[2025-07-01 19:22:22] SUCCESS: {'id': 'aXbYQMgWgK9xup7e5WkG6u', 'submission': {'Name': 'Emily Johnson', 'Age': 34, 'meta': {'instanceID': 'uuid:ec0b07a3-d5eb-4785-badf-546bfbd96342'}}} => 201
[2025-07-01 19:22:22] SUCCESS: {'id': 'aXbYQMgWgK9xup7e5WkG6u', 'submission': {'Name': 'Michael Brown', 'Age': 45, 'meta': {'instanceID': 'uuid:f25f5740-9b44-412b-9b3f-2a1a6da5a81e'}}} => 201
[2025-07-01 19:22:23] SUCCESS: {'id': 'aXbYQMgWgK9xup7e5WkG6u', 'submission': {'Name': 'Sarah Davis', 'Age': 29, 'meta': {'instanceID': 'uuid:89e6e81e-b59b-4fd4-a77e-9d77fd645f32'}}} => 201
[2025-07-01 19:22:24] SUCCESS: {'id': 'aXbYQMgWgK9xup7e5WkG6u', 'submission': {'Name': 'David Wilson', 'Age': 38, 'meta': {'instanceID': 'uuid:875e0d1d-e969-49f2-a701-46cdcf04a453'}}} => 201
[2025-07-01 19:31:56] SUCCESS: {'id': 'aXbYQMgWgK9xup7e5WkG6u', 'submission': {'Name': 'John Smith', 'Age': 28, 'meta': {'instanceID': 'uuid:2f8a0356-21ad-4885-bbb8-906873844e12'}}} => 201
[2025-07-01 19:31:57] SUCCESS: {'id': 'aXbYQMgWgK9xup7e5WkG6u', 'submission': {'Name': 'Emily Johnson', 'Age': 34, 'meta': {'instanceID': 'uuid:ffd924ea-7ddf-419b-a37e-78baa1c3b68b'}}} => 201
[2025-07-01 19:31:58] SUCCESS: {'id': 'aXbYQMgWgK9xup7e5WkG6u', 'submission': {'Name': 'Michael Brown', 'Age': 45, 'meta': {'instanceID': 'uuid:a09abcf4-c3c2-497e-8871-e98fec965521'}}} => 201
[2025-07-01 19:31:59] SUCCESS: {'id': 'aXbYQMgWgK9xup7e5WkG6u', 'submission': {'Name': 'Sarah Davis', 'Age': 29, 'meta': {'instanceID': 'uuid:7ff15c52-b481-4c1a-bc0b-5c28d4684362'}}} => 201
[2025-07-01 19:31:59] SUCCESS: {'id': 'aXbYQMgWgK9xup7e5WkG6u', 'submission': {'Name': 'David Wilson', 'Age': 38, 'meta': {'instanceID': 'uuid:a83d4e25-5794-4465-a73b-0d2461a98280'}}} => 201
